[26/05/23 01:15:10] info: Program: Starting Squirrel Updater: --checkForUpdate https://central.github.com/api/deployments/desktop/desktop/latest?version=3.0.3&env=production&guid=21aa864c-9090-4760-abba-900f078d0ddf
[26/05/23 01:15:10] info: Program: Fetching update information, downloading from https://central.github.com/api/deployments/desktop/desktop/latest?version=3.0.3&env=production&guid=21aa864c-9090-4760-abba-900f078d0ddf
[26/05/23 01:15:10] warn: SingleGlobalInstance: Failed to grab lockfile, will retry: C:\Users\DELL\AppData\Local\Temp\.squirrel-lock-E9CB367DDC995D4E699468B250F03EE926B5358C: System.IO.IOException: The process cannot access the file 'C:\Users\DELL\AppData\Local\Temp\.squirrel-lock-E9CB367DDC995D4E699468B250F03EE926B5358C' because it is being used by another process.
   at System.IO.__Error.WinIOError(Int32 errorCode, String maybeFullPath)
   at System.IO.FileStream.Init(String path, FileMode mode, FileAccess access, Int32 rights, Boolean useRights, FileShare share, Int32 bufferSize, FileOptions options, SECURITY_ATTRIBUTES secAttrs, String msgPath, Boolean bFromProxy, Boolean useLongPath, Boolean checkHost)
   at System.IO.FileStream..ctor(String path, FileMode mode, FileAccess access, FileShare share)
   at Squirrel.SingleGlobalInstance..ctor(String key, TimeSpan timeOut)
[26/05/23 01:15:10] warn: SingleGlobalInstance: Failed to grab lockfile, will retry: C:\Users\DELL\AppData\Local\Temp\.squirrel-lock-E9CB367DDC995D4E699468B250F03EE926B5358C: System.IO.IOException: The process cannot access the file 'C:\Users\DELL\AppData\Local\Temp\.squirrel-lock-E9CB367DDC995D4E699468B250F03EE926B5358C' because it is being used by another process.
   at System.IO.__Error.WinIOError(Int32 errorCode, String maybeFullPath)
   at System.IO.FileStream.Init(String path, FileMode mode, FileAccess access, Int32 rights, Boolean useRights, FileShare share, Int32 bufferSize, FileOptions options, SECURITY_ATTRIBUTES secAttrs, String msgPath, Boolean bFromProxy, Boolean useLongPath, Boolean checkHost)
   at System.IO.FileStream..ctor(String path, FileMode mode, FileAccess access, FileShare share)
   at Squirrel.SingleGlobalInstance..ctor(String key, TimeSpan timeOut)
[26/05/23 01:15:10] warn: SingleGlobalInstance: Failed to grab lockfile, will retry: C:\Users\DELL\AppData\Local\Temp\.squirrel-lock-E9CB367DDC995D4E699468B250F03EE926B5358C: System.IO.IOException: The process cannot access the file 'C:\Users\DELL\AppData\Local\Temp\.squirrel-lock-E9CB367DDC995D4E699468B250F03EE926B5358C' because it is being used by another process.
   at System.IO.__Error.WinIOError(Int32 errorCode, String maybeFullPath)
   at System.IO.FileStream.Init(String path, FileMode mode, FileAccess access, Int32 rights, Boolean useRights, FileShare share, Int32 bufferSize, FileOptions options, SECURITY_ATTRIBUTES secAttrs, String msgPath, Boolean bFromProxy, Boolean useLongPath, Boolean checkHost)
   at System.IO.FileStream..ctor(String path, FileMode mode, FileAccess access, FileShare share)
   at Squirrel.SingleGlobalInstance..ctor(String key, TimeSpan timeOut)
[26/05/23 01:15:11] warn: SingleGlobalInstance: Failed to grab lockfile, will retry: C:\Users\DELL\AppData\Local\Temp\.squirrel-lock-E9CB367DDC995D4E699468B250F03EE926B5358C: System.IO.IOException: The process cannot access the file 'C:\Users\DELL\AppData\Local\Temp\.squirrel-lock-E9CB367DDC995D4E699468B250F03EE926B5358C' because it is being used by another process.
   at System.IO.__Error.WinIOError(Int32 errorCode, String maybeFullPath)
   at System.IO.FileStream.Init(String path, FileMode mode, FileAccess access, Int32 rights, Boolean useRights, FileShare share, Int32 bufferSize, FileOptions options, SECURITY_ATTRIBUTES secAttrs, String msgPath, Boolean bFromProxy, Boolean useLongPath, Boolean checkHost)
   at System.IO.FileStream..ctor(String path, FileMode mode, FileAccess access, FileShare share)
   at Squirrel.SingleGlobalInstance..ctor(String key, TimeSpan timeOut)
[26/05/23 01:15:11] warn: SingleGlobalInstance: Failed to grab lockfile, will retry: C:\Users\DELL\AppData\Local\Temp\.squirrel-lock-E9CB367DDC995D4E699468B250F03EE926B5358C: System.IO.IOException: The process cannot access the file 'C:\Users\DELL\AppData\Local\Temp\.squirrel-lock-E9CB367DDC995D4E699468B250F03EE926B5358C' because it is being used by another process.
   at System.IO.__Error.WinIOError(Int32 errorCode, String maybeFullPath)
   at System.IO.FileStream.Init(String path, FileMode mode, FileAccess access, Int32 rights, Boolean useRights, FileShare share, Int32 bufferSize, FileOptions options, SECURITY_ATTRIBUTES secAttrs, String msgPath, Boolean bFromProxy, Boolean useLongPath, Boolean checkHost)
   at System.IO.FileStream..ctor(String path, FileMode mode, FileAccess access, FileShare share)
   at Squirrel.SingleGlobalInstance..ctor(String key, TimeSpan timeOut)
[26/05/23 01:15:11] warn: SingleGlobalInstance: Failed to grab lockfile, will retry: C:\Users\DELL\AppData\Local\Temp\.squirrel-lock-E9CB367DDC995D4E699468B250F03EE926B5358C: System.IO.IOException: The process cannot access the file 'C:\Users\DELL\AppData\Local\Temp\.squirrel-lock-E9CB367DDC995D4E699468B250F03EE926B5358C' because it is being used by another process.
   at System.IO.__Error.WinIOError(Int32 errorCode, String maybeFullPath)
   at System.IO.FileStream.Init(String path, FileMode mode, FileAccess access, Int32 rights, Boolean useRights, FileShare share, Int32 bufferSize, FileOptions options, SECURITY_ATTRIBUTES secAttrs, String msgPath, Boolean bFromProxy, Boolean useLongPath, Boolean checkHost)
   at System.IO.FileStream..ctor(String path, FileMode mode, FileAccess access, FileShare share)
   at Squirrel.SingleGlobalInstance..ctor(String key, TimeSpan timeOut)
[26/05/23 01:15:12] warn: SingleGlobalInstance: Failed to grab lockfile, will retry: C:\Users\DELL\AppData\Local\Temp\.squirrel-lock-E9CB367DDC995D4E699468B250F03EE926B5358C: System.IO.IOException: The process cannot access the file 'C:\Users\DELL\AppData\Local\Temp\.squirrel-lock-E9CB367DDC995D4E699468B250F03EE926B5358C' because it is being used by another process.
   at System.IO.__Error.WinIOError(Int32 errorCode, String maybeFullPath)
   at System.IO.FileStream.Init(String path, FileMode mode, FileAccess access, Int32 rights, Boolean useRights, FileShare share, Int32 bufferSize, FileOptions options, SECURITY_ATTRIBUTES secAttrs, String msgPath, Boolean bFromProxy, Boolean useLongPath, Boolean checkHost)
   at System.IO.FileStream..ctor(String path, FileMode mode, FileAccess access, FileShare share)
   at Squirrel.SingleGlobalInstance..ctor(String key, TimeSpan timeOut)
[26/05/23 01:15:12] info: CheckForUpdateImpl: Generated new staging user ID: a344e7fb-7b4c-536f-ab77-9cdf4fe41c22
[26/05/23 01:15:12] info: CheckForUpdateImpl: Downloading RELEASES file from https://central.github.com/api/deployments/desktop/desktop/latest?version=3.0.3&env=production&guid=21aa864c-9090-4760-abba-900f078d0ddf
[26/05/23 01:15:12] info: FileDownloader: Downloading url: https://central.github.com/api/deployments/desktop/desktop/latest/RELEASES?version=3.0.3&env=production&guid=21aa864c-9090-4760-abba-900f078d0ddf&id=GitHubDesktop&localVersion=3.0.3&arch=amd64
[26/05/23 01:15:14] warn: UpdateInfo: Couldn't get release notes for:GitHubDesktop-3.2.3-full.nupkg: System.IO.FileNotFoundException: Could not find file 'C:\Users\DELL\AppData\Local\GitHubDesktop\packages\GitHubDesktop-3.2.3-full.nupkg'.
File name: 'C:\Users\DELL\AppData\Local\GitHubDesktop\packages\GitHubDesktop-3.2.3-full.nupkg'
   at System.IO.__Error.WinIOError(Int32 errorCode, String maybeFullPath)
   at System.IO.FileStream.Init(String path, FileMode mode, FileAccess access, Int32 rights, Boolean useRights, FileShare share, Int32 bufferSize, FileOptions options, SECURITY_ATTRIBUTES secAttrs, String msgPath, Boolean bFromProxy, Boolean useLongPath, Boolean checkHost)
   at System.IO.FileStream..ctor(String path, FileMode mode, FileAccess access, FileShare share)
   at NuGet.ZipPackage.<>c__DisplayClass9_0.<.ctor>b__0()
   at NuGet.ZipPackage.EnsureManifest()
   at Squirrel.ReleaseEntry.GetReleaseNotes(String packageDirectory)
   at Squirrel.UpdateInfo.<FetchReleaseNotes>b__19_0(ReleaseEntry x)
[26/05/23 01:15:14] info: Program: Finished Squirrel Updater
